<?xml version="1.0" encoding="UTF-8"?>
<testng-results ignored="0" total="1" passed="1" failed="0" skipped="0">
  <reporter-output>
  </reporter-output>
  <suite started-at="2024-02-11T23:41:41 AMT" name="Command line suite" finished-at="2024-02-11T23:42:31 AMT" duration-ms="49815">
    <groups>
    </groups>
    <test started-at="2024-02-11T23:41:41 AMT" name="Command line test" finished-at="2024-02-11T23:42:31 AMT" duration-ms="49815">
      <class name="com.project.hardcore.framework.test.GoogleCloudPricingCalculatorTest">
        <test-method is-config="true" signature="setUp()[pri:0, instance:com.project.hardcore.framework.test.GoogleCloudPricingCalculatorTest@71a794e5]" started-at="2024-02-11T23:41:42 AMT" name="setUp" finished-at="2024-02-11T23:41:50 AMT" duration-ms="8074" status="PASS">
          <reporter-output>
          </reporter-output>
        </test-method> <!-- setUp -->
        <test-method signature="testGoogleCloudPricingCalculator()[pri:0, instance:com.project.hardcore.framework.test.GoogleCloudPricingCalculatorTest@71a794e5]" started-at="2024-02-11T23:41:50 AMT" name="testGoogleCloudPricingCalculator" finished-at="2024-02-11T23:42:30 AMT" duration-ms="40600" status="PASS">
          <reporter-output>
          </reporter-output>
        </test-method> <!-- testGoogleCloudPricingCalculator -->
        <test-method is-config="true" signature="tearDown()[pri:0, instance:com.project.hardcore.framework.test.GoogleCloudPricingCalculatorTest@71a794e5]" started-at="2024-02-11T23:42:30 AMT" name="tearDown" finished-at="2024-02-11T23:42:31 AMT" duration-ms="1077" status="PASS">
          <reporter-output>
          </reporter-output>
        </test-method> <!-- tearDown -->
      </class> <!-- com.project.hardcore.framework.test.GoogleCloudPricingCalculatorTest -->
    </test> <!-- Command line test -->
  </suite> <!-- Command line suite -->
</testng-results>
